<?xml version="1.0" encoding="UTF-8"?>
<coverage generated="1682932019567" clover="3.2.0">
  <project timestamp="1682932019567" name="All files">
    <metrics statements="116" coveredstatements="114" conditionals="23" coveredconditionals="22" methods="6" coveredmethods="6" elements="145" coveredelements="142" complexity="0" loc="116" ncloc="116" packages="1" files="3" classes="3"/>
    <file name="App.jsx" path="C:\Code\000 Practicas\907-pokemon\src\components\App.jsx">
      <metrics statements="35" coveredstatements="33" conditionals="9" coveredconditionals="8" methods="1" coveredmethods="1"/>
      <line num="1" count="1" type="stmt"/>
      <line num="2" count="1" type="stmt"/>
      <line num="3" count="1" type="stmt"/>
      <line num="4" count="1" type="stmt"/>
      <line num="5" count="8" type="cond" truecount="1" falsecount="0"/>
      <line num="6" count="8" type="stmt"/>
      <line num="7" count="8" type="stmt"/>
      <line num="8" count="8" type="stmt"/>
      <line num="9" count="8" type="cond" truecount="1" falsecount="0"/>
      <line num="10" count="3" type="stmt"/>
      <line num="11" count="3" type="stmt"/>
      <line num="12" count="3" type="stmt"/>
      <line num="13" count="3" type="cond" truecount="1" falsecount="0"/>
      <line num="14" count="3" type="stmt"/>
      <line num="15" count="3" type="stmt"/>
      <line num="16" count="3" type="stmt"/>
      <line num="17" count="0" type="stmt"/>
      <line num="18" count="3" type="stmt"/>
      <line num="19" count="3" type="cond" truecount="2" falsecount="0"/>
      <line num="20" count="8" type="stmt"/>
      <line num="21" count="8" type="stmt"/>
      <line num="22" count="8" type="stmt"/>
      <line num="23" count="8" type="stmt"/>
      <line num="24" count="8" type="stmt"/>
      <line num="25" count="8" type="stmt"/>
      <line num="26" count="8" type="stmt"/>
      <line num="27" count="8" type="stmt"/>
      <line num="28" count="8" type="cond" truecount="1" falsecount="0"/>
      <line num="29" count="8" type="cond" truecount="1" falsecount="1"/>
      <line num="30" count="0" type="stmt"/>
      <line num="31" count="8" type="stmt"/>
      <line num="32" count="8" type="cond" truecount="1" falsecount="0"/>
      <line num="33" count="8" type="stmt"/>
      <line num="34" count="8" type="stmt"/>
      <line num="35" count="8" type="stmt"/>
    </file>
    <file name="Pokemon.jsx" path="C:\Code\000 Practicas\907-pokemon\src\components\Pokemon.jsx">
      <metrics statements="27" coveredstatements="27" conditionals="2" coveredconditionals="2" methods="2" coveredmethods="2"/>
      <line num="1" count="1" type="stmt"/>
      <line num="2" count="1" type="stmt"/>
      <line num="3" count="163" type="cond" truecount="1" falsecount="0"/>
      <line num="4" count="163" type="stmt"/>
      <line num="5" count="163" type="stmt"/>
      <line num="6" count="163" type="stmt"/>
      <line num="7" count="163" type="stmt"/>
      <line num="8" count="163" type="stmt"/>
      <line num="9" count="163" type="stmt"/>
      <line num="10" count="163" type="stmt"/>
      <line num="11" count="163" type="stmt"/>
      <line num="12" count="163" type="stmt"/>
      <line num="13" count="163" type="stmt"/>
      <line num="14" count="163" type="stmt"/>
      <line num="15" count="163" type="stmt"/>
      <line num="16" count="163" type="stmt"/>
      <line num="17" count="163" type="stmt"/>
      <line num="18" count="163" type="stmt"/>
      <line num="19" count="163" type="stmt"/>
      <line num="20" count="163" type="stmt"/>
      <line num="21" count="163" type="cond" truecount="1" falsecount="0"/>
      <line num="22" count="163" type="stmt"/>
      <line num="23" count="163" type="stmt"/>
      <line num="24" count="163" type="stmt"/>
      <line num="25" count="163" type="stmt"/>
      <line num="26" count="163" type="stmt"/>
      <line num="27" count="163" type="stmt"/>
    </file>
    <file name="Pokemons.jsx" path="C:\Code\000 Practicas\907-pokemon\src\components\Pokemons.jsx">
      <metrics statements="54" coveredstatements="54" conditionals="12" coveredconditionals="12" methods="3" coveredmethods="3"/>
      <line num="1" count="1" type="stmt"/>
      <line num="2" count="1" type="stmt"/>
      <line num="3" count="1" type="stmt"/>
      <line num="4" count="27" type="cond" truecount="1" falsecount="0"/>
      <line num="5" count="27" type="stmt"/>
      <line num="6" count="27" type="cond" truecount="1" falsecount="0"/>
      <line num="7" count="20" type="cond" truecount="1" falsecount="0"/>
      <line num="8" count="1" type="cond" truecount="1" falsecount="0"/>
      <line num="9" count="1" type="stmt"/>
      <line num="10" count="1" type="stmt"/>
      <line num="11" count="1" type="stmt"/>
      <line num="12" count="1" type="stmt"/>
      <line num="13" count="1" type="cond" truecount="1" falsecount="0"/>
      <line num="14" count="20" type="cond" truecount="1" falsecount="0"/>
      <line num="15" count="1" type="cond" truecount="1" falsecount="0"/>
      <line num="16" count="1" type="stmt"/>
      <line num="17" count="1" type="stmt"/>
      <line num="18" count="1" type="stmt"/>
      <line num="19" count="1" type="stmt"/>
      <line num="20" count="1" type="cond" truecount="1" falsecount="0"/>
      <line num="21" count="18" type="cond" truecount="1" falsecount="0"/>
      <line num="22" count="18" type="stmt"/>
      <line num="23" count="18" type="stmt"/>
      <line num="24" count="18" type="stmt"/>
      <line num="25" count="18" type="stmt"/>
      <line num="26" count="20" type="stmt"/>
      <line num="27" count="27" type="stmt"/>
      <line num="28" count="27" type="stmt"/>
      <line num="29" count="27" type="stmt"/>
      <line num="30" count="27" type="stmt"/>
      <line num="31" count="27" type="cond" truecount="1" falsecount="0"/>
      <line num="32" count="162" type="stmt"/>
      <line num="33" count="162" type="stmt"/>
      <line num="34" count="162" type="stmt"/>
      <line num="35" count="162" type="stmt"/>
      <line num="36" count="162" type="stmt"/>
      <line num="37" count="162" type="stmt"/>
      <line num="38" count="162" type="stmt"/>
      <line num="39" count="162" type="stmt"/>
      <line num="40" count="162" type="stmt"/>
      <line num="41" count="27" type="stmt"/>
      <line num="42" count="27" type="stmt"/>
      <line num="43" count="27" type="stmt"/>
      <line num="44" count="27" type="cond" truecount="1" falsecount="0"/>
      <line num="45" count="27" type="stmt"/>
      <line num="46" count="27" type="stmt"/>
      <line num="47" count="27" type="cond" truecount="1" falsecount="0"/>
      <line num="48" count="27" type="stmt"/>
      <line num="49" count="27" type="stmt"/>
      <line num="50" count="27" type="stmt"/>
      <line num="51" count="27" type="stmt"/>
      <line num="52" count="27" type="stmt"/>
      <line num="53" count="27" type="stmt"/>
      <line num="54" count="27" type="stmt"/>
    </file>
  </project>
</coverage>
