{"C:\\Code\\000 Practicas\\907-pokemon\\src\\components\\App.jsx": {"path":"C:\\Code\\000 Practicas\\907-pokemon\\src\\components\\App.jsx","all":false,"statementMap":{"0":{"start":{"line":1,"column":0},"end":{"line":1,"column":51}},"1":{"start":{"line":2,"column":0},"end":{"line":2,"column":34}},"2":{"start":{"line":3,"column":0},"end":{"line":3,"column":31}},"3":{"start":{"line":4,"column":0},"end":{"line":4,"column":0}},"4":{"start":{"line":5,"column":0},"end":{"line":5,"column":31}},"5":{"start":{"line":6,"column":0},"end":{"line":6,"column":55}},"6":{"start":{"line":7,"column":0},"end":{"line":7,"column":76}},"7":{"start":{"line":8,"column":0},"end":{"line":8,"column":0}},"8":{"start":{"line":9,"column":0},"end":{"line":9,"column":19}},"9":{"start":{"line":10,"column":0},"end":{"line":10,"column":47}},"10":{"start":{"line":11,"column":0},"end":{"line":11,"column":7}},"11":{"start":{"line":12,"column":0},"end":{"line":12,"column":13}},"12":{"start":{"line":13,"column":0},"end":{"line":13,"column":22}},"13":{"start":{"line":14,"column":0},"end":{"line":14,"column":35}},"14":{"start":{"line":15,"column":0},"end":{"line":15,"column":8}},"15":{"start":{"line":16,"column":0},"end":{"line":16,"column":18}},"16":{"start":{"line":17,"column":0},"end":{"line":17,"column":71}},"17":{"start":{"line":18,"column":0},"end":{"line":18,"column":7}},"18":{"start":{"line":19,"column":0},"end":{"line":19,"column":72}},"19":{"start":{"line":20,"column":0},"end":{"line":20,"column":9}},"20":{"start":{"line":21,"column":0},"end":{"line":21,"column":0}},"21":{"start":{"line":22,"column":0},"end":{"line":22,"column":10}},"22":{"start":{"line":23,"column":0},"end":{"line":23,"column":6}},"23":{"start":{"line":24,"column":0},"end":{"line":24,"column":14}},"24":{"start":{"line":25,"column":0},"end":{"line":25,"column":32}},"25":{"start":{"line":26,"column":0},"end":{"line":26,"column":15}},"26":{"start":{"line":27,"column":0},"end":{"line":27,"column":0}},"27":{"start":{"line":28,"column":0},"end":{"line":28,"column":70}},"28":{"start":{"line":29,"column":0},"end":{"line":29,"column":49}},"29":{"start":{"line":30,"column":0},"end":{"line":30,"column":62}},"30":{"start":{"line":31,"column":0},"end":{"line":31,"column":8}},"31":{"start":{"line":32,"column":0},"end":{"line":32,"column":61}},"32":{"start":{"line":33,"column":0},"end":{"line":33,"column":7}},"33":{"start":{"line":34,"column":0},"end":{"line":34,"column":4}},"34":{"start":{"line":35,"column":0},"end":{"line":35,"column":1}}},"s":{"0":1,"1":1,"2":1,"3":1,"4":8,"5":8,"6":8,"7":8,"8":8,"9":3,"10":3,"11":3,"12":3,"13":3,"14":3,"15":3,"16":0,"17":3,"18":3,"19":8,"20":8,"21":8,"22":8,"23":8,"24":8,"25":8,"26":8,"27":8,"28":8,"29":0,"30":8,"31":8,"32":8,"33":8,"34":8},"branchMap":{"0":{"type":"branch","line":5,"loc":{"start":{"line":5,"column":0},"end":{"line":35,"column":1}},"locations":[{"start":{"line":5,"column":0},"end":{"line":35,"column":1}}]},"1":{"type":"branch","line":28,"loc":{"start":{"line":28,"column":17},"end":{"line":28,"column":70}},"locations":[{"start":{"line":28,"column":17},"end":{"line":28,"column":70}}]},"2":{"type":"branch","line":29,"loc":{"start":{"line":29,"column":18},"end":{"line":29,"column":49}},"locations":[{"start":{"line":29,"column":18},"end":{"line":29,"column":49}}]},"3":{"type":"branch","line":29,"loc":{"start":{"line":29,"column":39},"end":{"line":30,"column":62}},"locations":[{"start":{"line":29,"column":39},"end":{"line":30,"column":62}}]},"4":{"type":"branch","line":32,"loc":{"start":{"line":32,"column":7},"end":{"line":32,"column":61}},"locations":[{"start":{"line":32,"column":7},"end":{"line":32,"column":61}}]},"5":{"type":"branch","line":9,"loc":{"start":{"line":9,"column":12},"end":{"line":20,"column":5}},"locations":[{"start":{"line":9,"column":12},"end":{"line":20,"column":5}}]},"6":{"type":"branch","line":13,"loc":{"start":{"line":13,"column":12},"end":{"line":15,"column":7}},"locations":[{"start":{"line":13,"column":12},"end":{"line":15,"column":7}}]},"7":{"type":"branch","line":19,"loc":{"start":{"line":19,"column":15},"end":{"line":19,"column":70}},"locations":[{"start":{"line":19,"column":15},"end":{"line":19,"column":70}}]},"8":{"type":"branch","line":19,"loc":{"start":{"line":19,"column":34},"end":{"line":19,"column":69}},"locations":[{"start":{"line":19,"column":34},"end":{"line":19,"column":69}}]}},"b":{"0":[8],"1":[3],"2":[5],"3":[0],"4":[2],"5":[3],"6":[3],"7":[3],"8":[2]},"fnMap":{"0":{"name":"App","decl":{"start":{"line":5,"column":0},"end":{"line":35,"column":1}},"loc":{"start":{"line":5,"column":0},"end":{"line":35,"column":1}},"line":5}},"f":{"0":8}}
,"C:\\Code\\000 Practicas\\907-pokemon\\src\\components\\Pokemon.jsx": {"path":"C:\\Code\\000 Practicas\\907-pokemon\\src\\components\\Pokemon.jsx","all":false,"statementMap":{"0":{"start":{"line":1,"column":0},"end":{"line":1,"column":26}},"1":{"start":{"line":2,"column":0},"end":{"line":2,"column":0}},"2":{"start":{"line":3,"column":0},"end":{"line":3,"column":33}},"3":{"start":{"line":4,"column":0},"end":{"line":4,"column":8}},"4":{"start":{"line":5,"column":0},"end":{"line":5,"column":7}},"5":{"start":{"line":6,"column":0},"end":{"line":6,"column":14}},"6":{"start":{"line":7,"column":0},"end":{"line":7,"column":8}},"7":{"start":{"line":8,"column":0},"end":{"line":8,"column":15}},"8":{"start":{"line":9,"column":0},"end":{"line":9,"column":5}},"9":{"start":{"line":10,"column":0},"end":{"line":10,"column":4}},"10":{"start":{"line":11,"column":0},"end":{"line":11,"column":10}},"11":{"start":{"line":12,"column":0},"end":{"line":12,"column":26}},"12":{"start":{"line":13,"column":0},"end":{"line":13,"column":35}},"13":{"start":{"line":14,"column":0},"end":{"line":14,"column":38}},"14":{"start":{"line":15,"column":0},"end":{"line":15,"column":12}},"15":{"start":{"line":16,"column":0},"end":{"line":16,"column":33}},"16":{"start":{"line":17,"column":0},"end":{"line":17,"column":12}},"17":{"start":{"line":18,"column":0},"end":{"line":18,"column":27}},"18":{"start":{"line":19,"column":0},"end":{"line":19,"column":13}},"19":{"start":{"line":20,"column":0},"end":{"line":20,"column":28}},"20":{"start":{"line":21,"column":0},"end":{"line":21,"column":69}},"21":{"start":{"line":22,"column":0},"end":{"line":22,"column":13}},"22":{"start":{"line":23,"column":0},"end":{"line":23,"column":17}},"23":{"start":{"line":24,"column":0},"end":{"line":24,"column":12}},"24":{"start":{"line":25,"column":0},"end":{"line":25,"column":10}},"25":{"start":{"line":26,"column":0},"end":{"line":26,"column":4}},"26":{"start":{"line":27,"column":0},"end":{"line":27,"column":1}}},"s":{"0":1,"1":1,"2":163,"3":163,"4":163,"5":163,"6":163,"7":163,"8":163,"9":163,"10":163,"11":163,"12":163,"13":163,"14":163,"15":163,"16":163,"17":163,"18":163,"19":163,"20":163,"21":163,"22":163,"23":163,"24":163,"25":163,"26":163},"branchMap":{"0":{"type":"branch","line":3,"loc":{"start":{"line":3,"column":0},"end":{"line":27,"column":1}},"locations":[{"start":{"line":3,"column":0},"end":{"line":27,"column":1}}]},"1":{"type":"branch","line":21,"loc":{"start":{"line":21,"column":42},"end":{"line":21,"column":69}},"locations":[{"start":{"line":21,"column":42},"end":{"line":21,"column":69}}]}},"b":{"0":[163],"1":[20]},"fnMap":{"0":{"name":"Pokemon","decl":{"start":{"line":3,"column":0},"end":{"line":27,"column":1}},"loc":{"start":{"line":3,"column":0},"end":{"line":27,"column":1}},"line":3},"1":{"name":"onClick","decl":{"start":{"line":21,"column":42},"end":{"line":21,"column":69}},"loc":{"start":{"line":21,"column":42},"end":{"line":21,"column":69}},"line":21}},"f":{"0":163,"1":20}}
,"C:\\Code\\000 Practicas\\907-pokemon\\src\\components\\Pokemons.jsx": {"path":"C:\\Code\\000 Practicas\\907-pokemon\\src\\components\\Pokemons.jsx","all":false,"statementMap":{"0":{"start":{"line":1,"column":0},"end":{"line":1,"column":40}},"1":{"start":{"line":2,"column":0},"end":{"line":2,"column":32}},"2":{"start":{"line":3,"column":0},"end":{"line":3,"column":0}},"3":{"start":{"line":4,"column":0},"end":{"line":4,"column":51}},"4":{"start":{"line":5,"column":0},"end":{"line":5,"column":71}},"5":{"start":{"line":6,"column":0},"end":{"line":6,"column":35}},"6":{"start":{"line":7,"column":0},"end":{"line":7,"column":37}},"7":{"start":{"line":8,"column":0},"end":{"line":8,"column":25}},"8":{"start":{"line":9,"column":0},"end":{"line":9,"column":14}},"9":{"start":{"line":10,"column":0},"end":{"line":10,"column":44}},"10":{"start":{"line":11,"column":0},"end":{"line":11,"column":10}},"11":{"start":{"line":12,"column":0},"end":{"line":12,"column":13}},"12":{"start":{"line":13,"column":0},"end":{"line":13,"column":5}},"13":{"start":{"line":14,"column":0},"end":{"line":14,"column":27}},"14":{"start":{"line":15,"column":0},"end":{"line":15,"column":25}},"15":{"start":{"line":16,"column":0},"end":{"line":16,"column":14}},"16":{"start":{"line":17,"column":0},"end":{"line":17,"column":49}},"17":{"start":{"line":18,"column":0},"end":{"line":18,"column":10}},"18":{"start":{"line":19,"column":0},"end":{"line":19,"column":13}},"19":{"start":{"line":20,"column":0},"end":{"line":20,"column":5}},"20":{"start":{"line":21,"column":0},"end":{"line":21,"column":23}},"21":{"start":{"line":22,"column":0},"end":{"line":22,"column":28}},"22":{"start":{"line":23,"column":0},"end":{"line":23,"column":30}},"23":{"start":{"line":24,"column":0},"end":{"line":24,"column":14}},"24":{"start":{"line":25,"column":0},"end":{"line":25,"column":8}},"25":{"start":{"line":26,"column":0},"end":{"line":26,"column":4}},"26":{"start":{"line":27,"column":0},"end":{"line":27,"column":0}},"27":{"start":{"line":28,"column":0},"end":{"line":28,"column":10}},"28":{"start":{"line":29,"column":0},"end":{"line":29,"column":10}},"29":{"start":{"line":30,"column":0},"end":{"line":30,"column":29}},"30":{"start":{"line":31,"column":0},"end":{"line":31,"column":36}},"31":{"start":{"line":32,"column":0},"end":{"line":32,"column":18}},"32":{"start":{"line":33,"column":0},"end":{"line":33,"column":39}},"33":{"start":{"line":34,"column":0},"end":{"line":34,"column":25}},"34":{"start":{"line":35,"column":0},"end":{"line":35,"column":24}},"35":{"start":{"line":36,"column":0},"end":{"line":36,"column":30}},"36":{"start":{"line":37,"column":0},"end":{"line":37,"column":28}},"37":{"start":{"line":38,"column":0},"end":{"line":38,"column":42}},"38":{"start":{"line":39,"column":0},"end":{"line":39,"column":30}},"39":{"start":{"line":40,"column":0},"end":{"line":40,"column":12}},"40":{"start":{"line":41,"column":0},"end":{"line":41,"column":11}},"41":{"start":{"line":42,"column":0},"end":{"line":42,"column":12}},"42":{"start":{"line":43,"column":0},"end":{"line":43,"column":32}},"43":{"start":{"line":44,"column":0},"end":{"line":44,"column":71}},"44":{"start":{"line":45,"column":0},"end":{"line":45,"column":15}},"45":{"start":{"line":46,"column":0},"end":{"line":46,"column":40}},"46":{"start":{"line":47,"column":0},"end":{"line":47,"column":68}},"47":{"start":{"line":48,"column":0},"end":{"line":48,"column":9}},"48":{"start":{"line":49,"column":0},"end":{"line":49,"column":47}},"49":{"start":{"line":50,"column":0},"end":{"line":50,"column":17}},"50":{"start":{"line":51,"column":0},"end":{"line":51,"column":12}},"51":{"start":{"line":52,"column":0},"end":{"line":52,"column":11}},"52":{"start":{"line":53,"column":0},"end":{"line":53,"column":4}},"53":{"start":{"line":54,"column":0},"end":{"line":54,"column":1}}},"s":{"0":1,"1":1,"2":1,"3":27,"4":27,"5":27,"6":20,"7":1,"8":1,"9":1,"10":1,"11":1,"12":1,"13":20,"14":1,"15":1,"16":1,"17":1,"18":1,"19":1,"20":18,"21":18,"22":18,"23":18,"24":18,"25":20,"26":27,"27":27,"28":27,"29":27,"30":27,"31":162,"32":162,"33":162,"34":162,"35":162,"36":162,"37":162,"38":162,"39":162,"40":27,"41":27,"42":27,"43":27,"44":27,"45":27,"46":27,"47":27,"48":27,"49":27,"50":27,"51":27,"52":27,"53":27},"branchMap":{"0":{"type":"branch","line":4,"loc":{"start":{"line":4,"column":0},"end":{"line":54,"column":1}},"locations":[{"start":{"line":4,"column":0},"end":{"line":54,"column":1}}]},"1":{"type":"branch","line":44,"loc":{"start":{"line":44,"column":15},"end":{"line":44,"column":71}},"locations":[{"start":{"line":44,"column":15},"end":{"line":44,"column":71}}]},"2":{"type":"branch","line":6,"loc":{"start":{"line":6,"column":23},"end":{"line":26,"column":4}},"locations":[{"start":{"line":6,"column":23},"end":{"line":26,"column":4}}]},"3":{"type":"branch","line":7,"loc":{"start":{"line":7,"column":36},"end":{"line":13,"column":5}},"locations":[{"start":{"line":7,"column":36},"end":{"line":13,"column":5}}]},"4":{"type":"branch","line":13,"loc":{"start":{"line":13,"column":4},"end":{"line":14,"column":26}},"locations":[{"start":{"line":13,"column":4},"end":{"line":14,"column":26}}]},"5":{"type":"branch","line":14,"loc":{"start":{"line":14,"column":26},"end":{"line":20,"column":5}},"locations":[{"start":{"line":14,"column":26},"end":{"line":20,"column":5}}]},"6":{"type":"branch","line":20,"loc":{"start":{"line":20,"column":4},"end":{"line":25,"column":8}},"locations":[{"start":{"line":20,"column":4},"end":{"line":25,"column":8}}]},"7":{"type":"branch","line":8,"loc":{"start":{"line":8,"column":15},"end":{"line":11,"column":8}},"locations":[{"start":{"line":8,"column":15},"end":{"line":11,"column":8}}]},"8":{"type":"branch","line":15,"loc":{"start":{"line":15,"column":15},"end":{"line":18,"column":8}},"locations":[{"start":{"line":15,"column":15},"end":{"line":18,"column":8}}]},"9":{"type":"branch","line":21,"loc":{"start":{"line":21,"column":13},"end":{"line":25,"column":6}},"locations":[{"start":{"line":21,"column":13},"end":{"line":25,"column":6}}]},"10":{"type":"branch","line":31,"loc":{"start":{"line":31,"column":25},"end":{"line":40,"column":12}},"locations":[{"start":{"line":31,"column":25},"end":{"line":40,"column":12}}]},"11":{"type":"branch","line":47,"loc":{"start":{"line":47,"column":19},"end":{"line":47,"column":68}},"locations":[{"start":{"line":47,"column":19},"end":{"line":47,"column":68}}]}},"b":{"0":[27],"1":[2],"2":[20],"3":[1],"4":[19],"5":[1],"6":[18],"7":[1],"8":[1],"9":[18],"10":[162],"11":[1]},"fnMap":{"0":{"name":"Pokemons","decl":{"start":{"line":4,"column":0},"end":{"line":54,"column":1}},"loc":{"start":{"line":4,"column":0},"end":{"line":54,"column":1}},"line":4},"1":{"name":"totalHandler","decl":{"start":{"line":6,"column":23},"end":{"line":26,"column":4}},"loc":{"start":{"line":6,"column":23},"end":{"line":26,"column":4}},"line":6},"2":{"name":"onClick","decl":{"start":{"line":47,"column":19},"end":{"line":47,"column":68}},"loc":{"start":{"line":47,"column":19},"end":{"line":47,"column":68}},"line":47}},"f":{"0":27,"1":20,"2":1}}
}
